<?xml version="1.0" encoding="UTF-8"?>
<!-- Generated by org.testng.reporters.JUnitReportReporter -->
<testsuite hostname="tarung" name="com.org.LearningMaven.Startingworld" tests="1" failures="0" timestamp="23 Aug 2016 06:46:49 GMT" time="0.037" errors="0">
  <testcase name="login" time="0.037" classname="com.org.LearningMaven.Startingworld"/>
</testsuite> <!-- com.org.LearningMaven.Startingworld -->
