<?xml version="1.0" encoding="UTF-8"?>
<!-- Generated by org.testng.reporters.JUnitReportReporter -->
<testsuite hostname="tarung" name="com.org.LearningMaven.Login" tests="2" failures="0" timestamp="11 Sep 2016 13:04:52 GMT" time="69.804" errors="0">
  <testcase name="ForgotPassword" time="38.341" classname="com.org.LearningMaven.Login"/>
  <testcase name="WelcomeScreenNavigation" time="31.463" classname="com.org.LearningMaven.Login"/>
</testsuite> <!-- com.org.LearningMaven.Login -->
