<?xml version="1.0" encoding="UTF-8"?>
<!-- Generated by org.testng.reporters.JUnitReportReporter -->
<testsuite hostname="tarung" name="com.org.LearningMaven.Login" tests="2" failures="0" timestamp="16 Sep 2016 10:39:00 GMT" time="82.393" errors="0">
  <testcase name="ForgotPassword" time="50.086" classname="com.org.LearningMaven.Login"/>
  <testcase name="WelcomeScreenNavigation" time="32.307" classname="com.org.LearningMaven.Login"/>
</testsuite> <!-- com.org.LearningMaven.Login -->
